{"/Users/pjavanrood/Code/DeliverE/backend/routes/authentication.js": {"path":"/Users/pjavanrood/Code/DeliverE/backend/routes/authentication.js","statementMap":{"0":{"start":{"line":1,"column":16},"end":{"line":1,"column":34}},"1":{"start":{"line":2,"column":12},"end":{"line":2,"column":30}},"2":{"start":{"line":3,"column":12},"end":{"line":3,"column":35}},"3":{"start":{"line":5,"column":0},"end":{"line":9,"column":2}},"4":{"start":{"line":11,"column":17},"end":{"line":11,"column":50}},"5":{"start":{"line":13,"column":24},"end":{"line":13,"column":42}},"6":{"start":{"line":15,"column":15},"end":{"line":15,"column":31}},"7":{"start":{"line":18,"column":19},"end":{"line":23,"column":5}},"8":{"start":{"line":25,"column":21},"end":{"line":25,"column":57}},"9":{"start":{"line":27,"column":4},"end":{"line":27,"column":56}},"10":{"start":{"line":29,"column":4},"end":{"line":33,"column":5}},"11":{"start":{"line":30,"column":8},"end":{"line":30,"column":29}},"12":{"start":{"line":32,"column":8},"end":{"line":32,"column":49}},"13":{"start":{"line":37,"column":19},"end":{"line":40,"column":5}},"14":{"start":{"line":42,"column":21},"end":{"line":42,"column":57}},"15":{"start":{"line":44,"column":4},"end":{"line":44,"column":47}},"16":{"start":{"line":46,"column":4},"end":{"line":50,"column":5}},"17":{"start":{"line":47,"column":8},"end":{"line":47,"column":19}},"18":{"start":{"line":49,"column":8},"end":{"line":49,"column":20}},"19":{"start":{"line":54,"column":4},"end":{"line":54,"column":54}},"20":{"start":{"line":55,"column":4},"end":{"line":55,"column":30}},"21":{"start":{"line":58,"column":0},"end":{"line":60,"column":2}},"22":{"start":{"line":59,"column":4},"end":{"line":59,"column":43}},"23":{"start":{"line":62,"column":0},"end":{"line":117,"column":2}},"24":{"start":{"line":63,"column":17},"end":{"line":63,"column":30}},"25":{"start":{"line":64,"column":22},"end":{"line":64,"column":40}},"26":{"start":{"line":65,"column":18},"end":{"line":65,"column":32}},"27":{"start":{"line":66,"column":21},"end":{"line":66,"column":38}},"28":{"start":{"line":68,"column":4},"end":{"line":80,"column":5}},"29":{"start":{"line":74,"column":8},"end":{"line":77,"column":10}},"30":{"start":{"line":79,"column":8},"end":{"line":79,"column":14}},"31":{"start":{"line":82,"column":23},"end":{"line":82,"column":52}},"32":{"start":{"line":84,"column":4},"end":{"line":91,"column":5}},"33":{"start":{"line":85,"column":8},"end":{"line":88,"column":10}},"34":{"start":{"line":90,"column":8},"end":{"line":90,"column":14}},"35":{"start":{"line":93,"column":4},"end":{"line":93,"column":27}},"36":{"start":{"line":95,"column":4},"end":{"line":100,"column":5}},"37":{"start":{"line":102,"column":23},"end":{"line":102,"column":43}},"38":{"start":{"line":104,"column":4},"end":{"line":116,"column":5}},"39":{"start":{"line":105,"column":8},"end":{"line":108,"column":10}},"40":{"start":{"line":110,"column":8},"end":{"line":110,"column":14}},"41":{"start":{"line":112,"column":8},"end":{"line":115,"column":10}},"42":{"start":{"line":119,"column":0},"end":{"line":121,"column":2}},"43":{"start":{"line":120,"column":4},"end":{"line":120,"column":42}},"44":{"start":{"line":123,"column":0},"end":{"line":160,"column":2}},"45":{"start":{"line":124,"column":18},"end":{"line":124,"column":32}},"46":{"start":{"line":125,"column":21},"end":{"line":125,"column":38}},"47":{"start":{"line":127,"column":4},"end":{"line":134,"column":5}},"48":{"start":{"line":128,"column":8},"end":{"line":131,"column":10}},"49":{"start":{"line":133,"column":8},"end":{"line":133,"column":14}},"50":{"start":{"line":136,"column":23},"end":{"line":136,"column":52}},"51":{"start":{"line":138,"column":4},"end":{"line":145,"column":5}},"52":{"start":{"line":139,"column":8},"end":{"line":142,"column":10}},"53":{"start":{"line":144,"column":8},"end":{"line":144,"column":14}},"54":{"start":{"line":147,"column":4},"end":{"line":158,"column":5}},"55":{"start":{"line":148,"column":8},"end":{"line":151,"column":10}},"56":{"start":{"line":154,"column":8},"end":{"line":157,"column":10}},"57":{"start":{"line":162,"column":0},"end":{"line":162,"column":23}}},"fnMap":{"0":{"name":"check_user_exist","decl":{"start":{"line":17,"column":15},"end":{"line":17,"column":31}},"loc":{"start":{"line":17,"column":39},"end":{"line":34,"column":1}},"line":17},"1":{"name":"add_user","decl":{"start":{"line":36,"column":15},"end":{"line":36,"column":23}},"loc":{"start":{"line":36,"column":30},"end":{"line":51,"column":1}},"line":36},"2":{"name":"match_password","decl":{"start":{"line":53,"column":9},"end":{"line":53,"column":23}},"loc":{"start":{"line":53,"column":42},"end":{"line":56,"column":1}},"line":53},"3":{"name":"(anonymous_3)","decl":{"start":{"line":58,"column":22},"end":{"line":58,"column":23}},"loc":{"start":{"line":58,"column":36},"end":{"line":60,"column":1}},"line":58},"4":{"name":"(anonymous_4)","decl":{"start":{"line":62,"column":23},"end":{"line":62,"column":24}},"loc":{"start":{"line":62,"column":43},"end":{"line":117,"column":1}},"line":62},"5":{"name":"(anonymous_5)","decl":{"start":{"line":119,"column":21},"end":{"line":119,"column":22}},"loc":{"start":{"line":119,"column":35},"end":{"line":121,"column":1}},"line":119},"6":{"name":"(anonymous_6)","decl":{"start":{"line":123,"column":22},"end":{"line":123,"column":23}},"loc":{"start":{"line":123,"column":42},"end":{"line":160,"column":1}},"line":123}},"branchMap":{"0":{"loc":{"start":{"line":29,"column":4},"end":{"line":33,"column":5}},"type":"if","locations":[{"start":{"line":29,"column":4},"end":{"line":33,"column":5}},{"start":{"line":31,"column":11},"end":{"line":33,"column":5}}],"line":29},"1":{"loc":{"start":{"line":46,"column":4},"end":{"line":50,"column":5}},"type":"if","locations":[{"start":{"line":46,"column":4},"end":{"line":50,"column":5}},{"start":{"line":48,"column":11},"end":{"line":50,"column":5}}],"line":46},"2":{"loc":{"start":{"line":68,"column":4},"end":{"line":80,"column":5}},"type":"if","locations":[{"start":{"line":68,"column":4},"end":{"line":80,"column":5}},{"start":{},"end":{}}],"line":68},"3":{"loc":{"start":{"line":69,"column":8},"end":{"line":72,"column":33}},"type":"binary-expr","locations":[{"start":{"line":69,"column":8},"end":{"line":69,"column":26}},{"start":{"line":70,"column":11},"end":{"line":70,"column":34}},{"start":{"line":71,"column":11},"end":{"line":71,"column":30}},{"start":{"line":72,"column":11},"end":{"line":72,"column":33}}],"line":69},"4":{"loc":{"start":{"line":84,"column":4},"end":{"line":91,"column":5}},"type":"if","locations":[{"start":{"line":84,"column":4},"end":{"line":91,"column":5}},{"start":{},"end":{}}],"line":84},"5":{"loc":{"start":{"line":104,"column":4},"end":{"line":116,"column":5}},"type":"if","locations":[{"start":{"line":104,"column":4},"end":{"line":116,"column":5}},{"start":{"line":111,"column":11},"end":{"line":116,"column":5}}],"line":104},"6":{"loc":{"start":{"line":127,"column":4},"end":{"line":134,"column":5}},"type":"if","locations":[{"start":{"line":127,"column":4},"end":{"line":134,"column":5}},{"start":{},"end":{}}],"line":127},"7":{"loc":{"start":{"line":127,"column":9},"end":{"line":127,"column":54}},"type":"binary-expr","locations":[{"start":{"line":127,"column":9},"end":{"line":127,"column":28}},{"start":{"line":127,"column":32},"end":{"line":127,"column":54}}],"line":127},"8":{"loc":{"start":{"line":138,"column":4},"end":{"line":145,"column":5}},"type":"if","locations":[{"start":{"line":138,"column":4},"end":{"line":145,"column":5}},{"start":{},"end":{}}],"line":138},"9":{"loc":{"start":{"line":147,"column":4},"end":{"line":158,"column":5}},"type":"if","locations":[{"start":{"line":147,"column":4},"end":{"line":158,"column":5}},{"start":{"line":153,"column":11},"end":{"line":158,"column":5}}],"line":147}},"s":{"0":1,"1":1,"2":1,"3":1,"4":1,"5":1,"6":1,"7":5,"8":5,"9":5,"10":5,"11":2,"12":3,"13":1,"14":1,"15":1,"16":1,"17":1,"18":0,"19":2,"20":2,"21":1,"22":1,"23":1,"24":2,"25":2,"26":2,"27":2,"28":2,"29":0,"30":0,"31":2,"32":2,"33":1,"34":1,"35":1,"36":1,"37":1,"38":1,"39":1,"40":1,"41":0,"42":1,"43":0,"44":1,"45":3,"46":3,"47":3,"48":0,"49":0,"50":3,"51":3,"52":1,"53":1,"54":2,"55":1,"56":1,"57":1},"f":{"0":5,"1":1,"2":2,"3":1,"4":2,"5":0,"6":3},"b":{"0":[2,3],"1":[1,0],"2":[0,2],"3":[2,2,2,2],"4":[1,1],"5":[1,0],"6":[0,3],"7":[3,3],"8":[1,2],"9":[1,1]},"_coverageSchema":"1a1c01bbd47fc00a2c39e90264f33305004495a9","hash":"85ca0b96d8f46ada05b7b31b7cd538c06828ac94"}
}
