TN:
SF:routes/authentication.js
FN:17,check_user_exist
FN:36,add_user
FN:53,match_password
FN:58,(anonymous_3)
FN:62,(anonymous_4)
FN:119,(anonymous_5)
FN:123,(anonymous_6)
FNF:7
FNH:6
FNDA:5,check_user_exist
FNDA:1,add_user
FNDA:2,match_password
FNDA:1,(anonymous_3)
FNDA:2,(anonymous_4)
FNDA:0,(anonymous_5)
FNDA:3,(anonymous_6)
DA:1,1
DA:2,1
DA:3,1
DA:5,1
DA:11,1
DA:13,1
DA:15,1
DA:18,5
DA:25,5
DA:27,5
DA:29,5
DA:30,2
DA:32,3
DA:37,1
DA:42,1
DA:44,1
DA:46,1
DA:47,1
DA:49,0
DA:54,2
DA:55,2
DA:58,1
DA:59,1
DA:62,1
DA:63,2
DA:64,2
DA:65,2
DA:66,2
DA:68,2
DA:74,0
DA:79,0
DA:82,2
DA:84,2
DA:85,1
DA:90,1
DA:93,1
DA:95,1
DA:102,1
DA:104,1
DA:105,1
DA:110,1
DA:112,0
DA:119,1
DA:120,0
DA:123,1
DA:124,3
DA:125,3
DA:127,3
DA:128,0
DA:133,0
DA:136,3
DA:138,3
DA:139,1
DA:144,1
DA:147,2
DA:148,1
DA:154,1
DA:162,1
LF:58
LH:51
BRDA:29,0,0,2
BRDA:29,0,1,3
BRDA:46,1,0,1
BRDA:46,1,1,0
BRDA:68,2,0,0
BRDA:68,2,1,2
BRDA:69,3,0,2
BRDA:69,3,1,2
BRDA:69,3,2,2
BRDA:69,3,3,2
BRDA:84,4,0,1
BRDA:84,4,1,1
BRDA:104,5,0,1
BRDA:104,5,1,0
BRDA:127,6,0,0
BRDA:127,6,1,3
BRDA:127,7,0,3
BRDA:127,7,1,3
BRDA:138,8,0,1
BRDA:138,8,1,2
BRDA:147,9,0,1
BRDA:147,9,1,1
BRF:22
BRH:18
end_of_record
